FAILED scripts/test_panelite/test_panelite.py::test_notebooks_with_issues[chromium-reference/panes/Param.ipynb]
FAILED scripts/test_panelite/test_panelite.py::test_notebooks_without_issues[chromium-gallery/styles/MatplotlibStyle.ipynb] - test_panelite.RunCells: WARNING:param.Markdown00101: Setting non-parameter attribute styles={'color': '...
FAILED scripts/test_panelite/test_panelite.py::test_notebooks_without_issues[chromium-gallery/styles/VegaAltairStyle.ipynb] - test_panelite.RunCells: WARNING:param.Markdown00101: Setting non-parameter attribute styles={'color': '...
FAILED scripts/test_panelite/test_panelite.py::test_notebooks_without_issues[chromium-reference/global/Notifications.ipynb] - test_panelite.RunCells: ---------------------------------------------------------------------------
FAILED scripts/test_panelite/test_panelite.py::test_notebooks_with_issues[chromium-reference/widgets/CrossSelector.ipynb]
FAILED scripts/test_panelite/test_panelite.py::test_notebooks_with_issues[chromium-reference/widgets/Debugger.ipynb]
FAILED scripts/test_panelite/test_panelite.py::test_notebooks_with_issues[chromium-reference/widgets/EditableIntSlider.ipynb]
FAILED scripts/test_panelite/test_panelite.py::test_notebooks_with_issues[chromium-reference/widgets/FileDownload.ipynb]
FAILED scripts/test_panelite/test_panelite.py::test_notebooks_with_issues[chromium-reference/widgets/IntRangeSlider.ipynb]
FAILED scripts/test_panelite/test_panelite.py::test_notebooks_with_issues[chromium-reference/widgets/MultiChoice.ipynb]
FAILED scripts/test_panelite/test_panelite.py::test_notebooks_with_issues[chromium-reference/widgets/RangeSlider.ipynb]
FAILED scripts/test_panelite/test_panelite.py::test_notebooks_with_issues[chromium-reference/widgets/SpeechToText.ipynb]
FAILED scripts/test_panelite/test_panelite.py::test_notebooks_without_issues[chromium-reference/indicators/Tqdm.ipynb] - scripts.test_panelite.utils.MaxRetriesExceeded
FAILED scripts/test_panelite/test_panelite.py::test_notebooks_without_issues[chromium-reference/layouts/Card.ipynb] - test_panelite.RunCells: WARNING:param.Spacer00113: Setting non-parameter attribute styles={'background'...
FAILED scripts/test_panelite/test_panelite.py::test_notebooks_without_issues[chromium-reference/layouts/Column.ipynb] - test_panelite.RunCells: WARNING:param.Column00105: Setting non-parameter attribute styles={'background'...
FAILED scripts/test_panelite/test_panelite.py::test_notebooks_without_issues[chromium-reference/layouts/Divider.ipynb] - test_panelite.RunCells: WARNING:param.Column00106: Setting non-parameter attribute styles={'background'...
FAILED scripts/test_panelite/test_panelite.py::test_notebooks_without_issues[chromium-reference/layouts/FlexBox.ipynb] - test_panelite.RunCells: WARNING:param.HTML00101: Setting non-parameter attribute styles={'background': ...
FAILED scripts/test_panelite/test_panelite.py::test_notebooks_without_issues[chromium-reference/layouts/GridBox.ipynb] - test_panelite.RunCells: WARNING:param.HTML00101: Setting non-parameter attribute styles={'background': ...
FAILED scripts/test_panelite/test_panelite.py::test_notebooks_without_issues[chromium-reference/layouts/GridSpec.ipynb] - test_panelite.RunCells: WARNING:param.Spacer00102: Setting non-parameter attribute styles={'background'...
FAILED scripts/test_panelite/test_panelite.py::test_notebooks_without_issues[chromium-reference/layouts/GridStack.ipynb] - test_panelite.RunCells: WARNING:param.Spacer00102: Setting non-parameter attribute styles={'background'...
FAILED scripts/test_panelite/test_panelite.py::test_notebooks_without_issues[chromium-reference/layouts/Row.ipynb] - test_panelite.RunCells: WARNING:param.Row00105: Setting non-parameter attribute styles={'background': '...
FAILED scripts/test_panelite/test_panelite.py::test_notebooks_without_issues[chromium-reference/layouts/Swipe.ipynb] - test_panelite.RunCells: ---------------------------------------------------------------------------
FAILED scripts/test_panelite/test_panelite.py::test_notebooks_without_issues[chromium-reference/layouts/Tabs.ipynb] - test_panelite.RunCells: WARNING:param.Spacer00142: Setting non-parameter attribute styles={'background'...
FAILED scripts/test_panelite/test_panelite.py::test_notebooks_without_issues[chromium-reference/panes/ECharts.ipynb] - test_panelite.RunCells: ---------------------------------------------------------------------------
FAILED scripts/test_panelite/test_panelite.py::test_notebooks_without_issues[chromium-reference/panes/HTML.ipynb] - test_panelite.RunCells: WARNING:param.HTML00101: Setting non-parameter attribute styles={'background-co...
FAILED scripts/test_panelite/test_panelite.py::test_notebooks_without_issues[chromium-reference/panes/Image.ipynb] - test_panelite.RunCells: ---------------------------------------------------------------------------FAILED scripts/test_panelite/test_panelite.py::test_notebooks_without_issues[chromium-reference/panes/LaTeX.ipynb] - test_panelite.RunCells: WARNING:param.LaTeX00101: Setting non-parameter attribute styles={'font-size': ...
FAILED scripts/test_panelite/test_panelite.py::test_notebooks_without_issues[chromium-reference/panes/Markdown.ipynb] - scripts.test_panelite.utils.MaxRetriesExceeded
FAILED scripts/test_panelite/test_panelite.py::test_notebooks_without_issues[chromium-reference/panes/PNG.ipynb] - scripts.test_panelite.utils.MaxRetriesExceeded
FAILED scripts/test_panelite/test_panelite.py::test_notebooks_without_issues[chromium-reference/panes/SVG.ipynb] - scripts.test_panelite.utils.MaxRetriesExceeded
FAILED scripts/test_panelite/test_panelite.py::test_notebooks_without_issues[chromium-reference/panes/Vega.ipynb] - TypeError: __init__() missing 1 required positional argument: 'message'
FAILED scripts/test_panelite/test_panelite.py::test_notebooks_without_issues[chromium-reference/panes/Vizzu.ipynb] - test_panelite.RunCells: WARNING:param.panel_extension: vizzu extension not recognized and will be skipped.
FAILED scripts/test_panelite/test_panelite.py::test_notebooks_without_issues[chromium-reference/panes/VTKJS.ipynb] - test_panelite.RunCells: ---------------------------------------------------------------------------FAILED scripts/test_panelite/test_panelite.py::test_notebooks_without_issues[chromium-reference/widgets/CodeEditor.ipynb] - test_panelite.RunCells: WARNING:param.panel_extension: codeeditor extension not recognized and will be ...
FAILED scripts/test_panelite/test_panelite.py::test_notebooks_without_issues[chromium-reference/widgets/DataFrame.ipynb] - test_panelite.RunCells: ---------------------------------------------------------------------------
FAILED scripts/test_panelite/test_panelite.py::test_notebooks_without_issues[chromium-reference/widgets/Switch.ipynb] - test_panelite.RunCells: ---------------------------------------------------------------------------
FAILED scripts/test_panelite/test_panelite.py::test_notebooks_without_issues[chromium-reference/widgets/Tabulator.ipynb] - test_panelite.RunCells: ---------------------------------------------------------------------------
FAILED scripts/test_panelite/test_panelite.py::test_notebooks_without_issues[chromium-user_guide/Custom_Components.ipynb] - test_panelite.RunCells: WARNING:param.MaterialTextField00152: MaterialTextField was not imported on ins...
